<?xml version="1.0" encoding="UTF-8"?>
<testsuite xmlns:xsi="http://www.w3.org/2001/XMLSchema-instance" xsi:noNamespaceSchemaLocation="https://maven.apache.org/surefire/maven-surefire-plugin/xsd/surefire-test-report.xsd" name="skycoin.libjava.cipher_addressTest" time="3.609" tests="6" errors="0" skipped="0" failures="0">
  <properties>
[...]
</properties>
  <testcase name="TestDecodeBase58Address" classname="skycoin.libjava.cipher_addressTest" time="0.007"/>
  <testcase name="TestAddressRoundtrip" classname="skycoin.libjava.cipher_addressTest" time="0.003"/>
  <testcase name="TestAddressFromBytes" classname="skycoin.libjava.cipher_addressTest" time="0.003"/>
  <testcase name="TestAddressVerify" classname="skycoin.libjava.cipher_addressTest" time="0.006"/>
  <testcase name="TestAddressBulk" classname="skycoin.libjava.cipher_addressTest" time="3.586"/>
  <testcase name="TestAddressNull" classname="skycoin.libjava.cipher_addressTest" time="0.003"/>
</testsuite>